<?xml version="1.0" encoding="UTF-8"?>
<testsuite xmlns:xsi="http://www.w3.org/2001/XMLSchema-instance" xsi:noNamespaceSchemaLocation="https://maven.apache.org/surefire/maven-surefire-plugin/xsd/surefire-test-report.xsd" name="CodiceFiscale.person.PersonTest" time="0.055" tests="15" errors="0" skipped="0" failures="0">
  <properties>
    <property name="java.specification.version" value="17"/>
    <property name="sun.jnu.encoding" value="UTF-8"/>
    <property name="java.class.path" value="/home/divan/Documents/GitHub/CodiceFiscale/CodiceFiscale/target/test-classes:/home/divan/Documents/GitHub/CodiceFiscale/CodiceFiscale/target/classes:/home/divan/.m2/repository/com/google/code/gson/gson/2.10.1/gson-2.10.1.jar:/home/divan/.m2/repository/org/junit/jupiter/junit-jupiter-engine/5.9.1/junit-jupiter-engine-5.9.1.jar:/home/divan/.m2/repository/org/junit/platform/junit-platform-engine/1.9.1/junit-platform-engine-1.9.1.jar:/home/divan/.m2/repository/org/opentest4j/opentest4j/1.2.0/opentest4j-1.2.0.jar:/home/divan/.m2/repository/org/junit/platform/junit-platform-commons/1.9.1/junit-platform-commons-1.9.1.jar:/home/divan/.m2/repository/org/junit/jupiter/junit-jupiter-api/5.9.1/junit-jupiter-api-5.9.1.jar:/home/divan/.m2/repository/org/apiguardian/apiguardian-api/1.1.2/apiguardian-api-1.1.2.jar:"/>
    <property name="java.vm.vendor" value="Private Build"/>
    <property name="sun.arch.data.model" value="64"/>
    <property name="java.vendor.url" value="Unknown"/>
    <property name="os.name" value="Linux"/>
    <property name="java.vm.specification.version" value="17"/>
    <property name="sun.java.launcher" value="SUN_STANDARD"/>
    <property name="user.country" value="US"/>
    <property name="sun.boot.library.path" value="/usr/lib/jvm/java-17-openjdk-amd64/lib"/>
    <property name="sun.java.command" value="/home/divan/Documents/GitHub/CodiceFiscale/CodiceFiscale/target/surefire/surefirebooter6020903821016691746.jar /home/divan/Documents/GitHub/CodiceFiscale/CodiceFiscale/target/surefire 2023-04-25T16-59-28_727-jvmRun1 surefire6981384036345233782tmp surefire_04151477063709714146tmp"/>
    <property name="jdk.debug" value="release"/>
    <property name="surefire.test.class.path" value="/home/divan/Documents/GitHub/CodiceFiscale/CodiceFiscale/target/test-classes:/home/divan/Documents/GitHub/CodiceFiscale/CodiceFiscale/target/classes:/home/divan/.m2/repository/com/google/code/gson/gson/2.10.1/gson-2.10.1.jar:/home/divan/.m2/repository/org/junit/jupiter/junit-jupiter-engine/5.9.1/junit-jupiter-engine-5.9.1.jar:/home/divan/.m2/repository/org/junit/platform/junit-platform-engine/1.9.1/junit-platform-engine-1.9.1.jar:/home/divan/.m2/repository/org/opentest4j/opentest4j/1.2.0/opentest4j-1.2.0.jar:/home/divan/.m2/repository/org/junit/platform/junit-platform-commons/1.9.1/junit-platform-commons-1.9.1.jar:/home/divan/.m2/repository/org/junit/jupiter/junit-jupiter-api/5.9.1/junit-jupiter-api-5.9.1.jar:/home/divan/.m2/repository/org/apiguardian/apiguardian-api/1.1.2/apiguardian-api-1.1.2.jar:"/>
    <property name="sun.cpu.endian" value="little"/>
    <property name="user.home" value="/home/divan"/>
    <property name="user.language" value="en"/>
    <property name="java.specification.vendor" value="Oracle Corporation"/>
    <property name="java.version.date" value="2023-01-17"/>
    <property name="java.home" value="/usr/lib/jvm/java-17-openjdk-amd64"/>
    <property name="file.separator" value="/"/>
    <property name="basedir" value="/home/divan/Documents/GitHub/CodiceFiscale/CodiceFiscale"/>
    <property name="java.vm.compressedOopsMode" value="Zero based"/>
    <property name="line.separator" value="&#10;"/>
    <property name="java.vm.specification.vendor" value="Oracle Corporation"/>
    <property name="java.specification.name" value="Java Platform API Specification"/>
    <property name="surefire.real.class.path" value="/home/divan/Documents/GitHub/CodiceFiscale/CodiceFiscale/target/surefire/surefirebooter6020903821016691746.jar"/>
    <property name="sun.management.compiler" value="HotSpot 64-Bit Tiered Compilers"/>
    <property name="java.runtime.version" value="17.0.6+10-Ubuntu-0ubuntu122.04"/>
    <property name="user.name" value="divan"/>
    <property name="path.separator" value=":"/>
    <property name="os.version" value="6.2.6-76060206-generic"/>
    <property name="java.runtime.name" value="OpenJDK Runtime Environment"/>
    <property name="file.encoding" value="UTF-8"/>
    <property name="java.vm.name" value="OpenJDK 64-Bit Server VM"/>
    <property name="localRepository" value="/home/divan/.m2/repository"/>
    <property name="java.vendor.url.bug" value="Unknown"/>
    <property name="java.io.tmpdir" value="/tmp"/>
    <property name="java.version" value="17.0.6"/>
    <property name="user.dir" value="/home/divan/Documents/GitHub/CodiceFiscale/CodiceFiscale"/>
    <property name="os.arch" value="amd64"/>
    <property name="java.vm.specification.name" value="Java Virtual Machine Specification"/>
    <property name="native.encoding" value="UTF-8"/>
    <property name="java.library.path" value="/usr/java/packages/lib:/usr/lib/x86_64-linux-gnu/jni:/lib/x86_64-linux-gnu:/usr/lib/x86_64-linux-gnu:/usr/lib/jni:/lib:/usr/lib"/>
    <property name="java.vm.info" value="mixed mode, sharing"/>
    <property name="java.vendor" value="Private Build"/>
    <property name="java.vm.version" value="17.0.6+10-Ubuntu-0ubuntu122.04"/>
    <property name="sun.io.unicode.encoding" value="UnicodeLittle"/>
    <property name="java.class.version" value="61.0"/>
  </properties>
  <testcase name="shouldFailToCreatePersonWithInvalidDayForNovember" classname="CodiceFiscale.person.PersonTest" time="0.022"/>
  <testcase name="shouldFailToCreatePersonWithInvalidMonth" classname="CodiceFiscale.person.PersonTest" time="0.001"/>
  <testcase name="shouldFailToCreatePersonWithOnlyOneConsonantAndNoVocals" classname="CodiceFiscale.person.PersonTest" time="0.001"/>
  <testcase name="shouldFailToCreatePersonBornInTheFutureByADay" classname="CodiceFiscale.person.PersonTest" time="0.015"/>
  <testcase name="shouldFailToCreatePersonBornInTheFutureByAMonth" classname="CodiceFiscale.person.PersonTest" time="0.002"/>
  <testcase name="shouldCreatePerson" classname="CodiceFiscale.person.PersonTest" time="0.001"/>
  <testcase name="shouldSucceedToCreatePerson29FebruaryInLeapYear" classname="CodiceFiscale.person.PersonTest" time="0.001"/>
  <testcase name="shouldFailToCreatePersonWithInvalidDayForJanuary" classname="CodiceFiscale.person.PersonTest" time="0.001"/>
  <testcase name="shouldFailToCreatePersonWithInvalidCharactersInSurname" classname="CodiceFiscale.person.PersonTest" time="0.001"/>
  <testcase name="shouldFailToCreatePersonWithInvalidCharactersInName" classname="CodiceFiscale.person.PersonTest" time="0"/>
  <testcase name="shouldFailToCreatePersonWithInvalidDayForFebruary" classname="CodiceFiscale.person.PersonTest" time="0"/>
  <testcase name="shouldSucceedToCreatePersonWithOnlyTwoVocals" classname="CodiceFiscale.person.PersonTest" time="0.001"/>
  <testcase name="shouldSucceedToCreatePersonWithOnlyOneConsonantAndOneVocal" classname="CodiceFiscale.person.PersonTest" time="0.001"/>
  <testcase name="shouldFailToCreatePersonBornInTheFutureByAYear" classname="CodiceFiscale.person.PersonTest" time="0.001"/>
  <testcase name="shouldFailToCreatePersonWithOnlyOneVocalAndNoConsonants" classname="CodiceFiscale.person.PersonTest" time="0.001"/>
</testsuite>